{"/Users/ijayabby/Documents/workspace/wave4/SorobanAnchor/ui/components/PrecisionFintech.tsx": {"path":"/Users/ijayabby/Documents/workspace/wave4/SorobanAnchor/ui/components/PrecisionFintech.tsx","statementMap":{"0":{"start":{"line":127,"column":0},"end":{"line":127,"column":24}},"1":{"start":{"line":1,"column":0},"end":{"line":1,"column":33}},"2":{"start":{"line":73,"column":50},"end":{"line":78,"column":2}},"3":{"start":{"line":80,"column":54},"end":{"line":121,"column":2}},"4":{"start":{"line":123,"column":27},"end":{"line":125,"column":2}},"5":{"start":{"line":135,"column":36},"end":{"line":135,"column":56}},"6":{"start":{"line":136,"column":38},"end":{"line":136,"column":67}},"7":{"start":{"line":138,"column":19},"end":{"line":138,"column":41}},"8":{"start":{"line":139,"column":19},"end":{"line":139,"column":41}},"9":{"start":{"line":141,"column":2},"end":{"line":1009,"column":4}},"10":{"start":{"line":379,"column":14},"end":{"line":379,"column":33}},"11":{"start":{"line":440,"column":22},"end":{"line":441,"column":null}},"12":{"start":{"line":493,"column":36},"end":{"line":493,"column":47}},"13":{"start":{"line":495,"column":28},"end":{"line":496,"column":74}},"14":{"start":{"line":497,"column":26},"end":{"line":497,"column":68}},"15":{"start":{"line":508,"column":36},"end":{"line":508,"column":47}},"16":{"start":{"line":510,"column":28},"end":{"line":511,"column":74}},"17":{"start":{"line":512,"column":26},"end":{"line":512,"column":68}},"18":{"start":{"line":580,"column":20},"end":{"line":580,"column":35}},"19":{"start":{"line":602,"column":22},"end":{"line":603,"column":null}},"20":{"start":{"line":605,"column":39},"end":{"line":605,"column":54}},"21":{"start":{"line":624,"column":24},"end":{"line":625,"column":null}},"22":{"start":{"line":642,"column":22},"end":{"line":643,"column":null}},"23":{"start":{"line":645,"column":44},"end":{"line":645,"column":60}},"24":{"start":{"line":646,"column":44},"end":{"line":646,"column":63}},"25":{"start":{"line":760,"column":20},"end":{"line":761,"column":null}},"26":{"start":{"line":880,"column":18},"end":{"line":880,"column":37}},"27":{"start":{"line":942,"column":18},"end":{"line":943,"column":null}}},"fnMap":{"0":{"name":"PrecisionFintech","decl":{"start":{"line":127,"column":24},"end":{"line":127,"column":40}},"loc":{"start":{"line":134,"column":24},"end":{"line":1010,"column":1}}},"1":{"name":"(anonymous_1)","decl":{"start":{"line":378,"column":25},"end":{"line":378,"column":26}},"loc":{"start":{"line":379,"column":14},"end":{"line":379,"column":33}}},"2":{"name":"(anonymous_2)","decl":{"start":{"line":439,"column":57},"end":{"line":439,"column":58}},"loc":{"start":{"line":440,"column":22},"end":{"line":441,"column":null}}},"3":{"name":"(anonymous_3)","decl":{"start":{"line":492,"column":41},"end":{"line":492,"column":42}},"loc":{"start":{"line":492,"column":50},"end":{"line":498,"column":25}}},"4":{"name":"(anonymous_4)","decl":{"start":{"line":507,"column":29},"end":{"line":507,"column":30}},"loc":{"start":{"line":507,"column":38},"end":{"line":513,"column":25}}},"5":{"name":"(anonymous_5)","decl":{"start":{"line":579,"column":24},"end":{"line":579,"column":25}},"loc":{"start":{"line":580,"column":20},"end":{"line":580,"column":35}}},"6":{"name":"(anonymous_6)","decl":{"start":{"line":601,"column":62},"end":{"line":601,"column":63}},"loc":{"start":{"line":602,"column":22},"end":{"line":603,"column":null}}},"7":{"name":"(anonymous_7)","decl":{"start":{"line":605,"column":33},"end":{"line":605,"column":36}},"loc":{"start":{"line":605,"column":39},"end":{"line":605,"column":54}}},"8":{"name":"(anonymous_8)","decl":{"start":{"line":623,"column":28},"end":{"line":623,"column":29}},"loc":{"start":{"line":624,"column":24},"end":{"line":625,"column":null}}},"9":{"name":"(anonymous_9)","decl":{"start":{"line":641,"column":35},"end":{"line":641,"column":36}},"loc":{"start":{"line":642,"column":22},"end":{"line":643,"column":null}}},"10":{"name":"(anonymous_10)","decl":{"start":{"line":645,"column":38},"end":{"line":645,"column":41}},"loc":{"start":{"line":645,"column":44},"end":{"line":645,"column":60}}},"11":{"name":"(anonymous_11)","decl":{"start":{"line":646,"column":38},"end":{"line":646,"column":41}},"loc":{"start":{"line":646,"column":44},"end":{"line":646,"column":63}}},"12":{"name":"(anonymous_12)","decl":{"start":{"line":759,"column":47},"end":{"line":759,"column":48}},"loc":{"start":{"line":760,"column":20},"end":{"line":761,"column":null}}},"13":{"name":"(anonymous_13)","decl":{"start":{"line":879,"column":22},"end":{"line":879,"column":23}},"loc":{"start":{"line":880,"column":18},"end":{"line":880,"column":37}}},"14":{"name":"(anonymous_14)","decl":{"start":{"line":941,"column":22},"end":{"line":941,"column":23}},"loc":{"start":{"line":942,"column":18},"end":{"line":943,"column":null}}}},"branchMap":{"0":{"loc":{"start":{"line":128,"column":2},"end":{"line":128,"column":27}},"type":"default-arg","locations":[{"start":{"line":128,"column":12},"end":{"line":128,"column":27}}]},"1":{"loc":{"start":{"line":129,"column":2},"end":{"line":129,"column":31}},"type":"default-arg","locations":[{"start":{"line":129,"column":14},"end":{"line":129,"column":31}}]},"2":{"loc":{"start":{"line":130,"column":2},"end":{"line":130,"column":32}},"type":"default-arg","locations":[{"start":{"line":130,"column":14},"end":{"line":130,"column":32}}]},"3":{"loc":{"start":{"line":131,"column":2},"end":{"line":131,"column":25}},"type":"default-arg","locations":[{"start":{"line":131,"column":15},"end":{"line":131,"column":25}}]},"4":{"loc":{"start":{"line":132,"column":2},"end":{"line":132,"column":30}},"type":"default-arg","locations":[{"start":{"line":132,"column":18},"end":{"line":132,"column":30}}]},"5":{"loc":{"start":{"line":133,"column":2},"end":{"line":133,"column":29}},"type":"default-arg","locations":[{"start":{"line":133,"column":18},"end":{"line":133,"column":29}}]},"6":{"loc":{"start":{"line":401,"column":32},"end":{"line":401,"column":50}},"type":"cond-expr","locations":[{"start":{"line":401,"column":39},"end":{"line":401,"column":43}},{"start":{"line":401,"column":46},"end":{"line":401,"column":50}}]},"7":{"loc":{"start":{"line":402,"column":19},"end":{"line":402,"column":35}},"type":"cond-expr","locations":[{"start":{"line":402,"column":26},"end":{"line":402,"column":29}},{"start":{"line":402,"column":32},"end":{"line":402,"column":35}}]},"8":{"loc":{"start":{"line":447,"column":39},"end":{"line":447,"column":74}},"type":"cond-expr","locations":[{"start":{"line":447,"column":49},"end":{"line":447,"column":62}},{"start":{"line":447,"column":65},"end":{"line":447,"column":74}}]},"9":{"loc":{"start":{"line":448,"column":33},"end":{"line":448,"column":65}},"type":"cond-expr","locations":[{"start":{"line":448,"column":43},"end":{"line":448,"column":56}},{"start":{"line":448,"column":59},"end":{"line":448,"column":65}}]},"10":{"loc":{"start":{"line":450,"column":28},"end":{"line":450,"column":71}},"type":"cond-expr","locations":[{"start":{"line":450,"column":38},"end":{"line":450,"column":55}},{"start":{"line":450,"column":58},"end":{"line":450,"column":71}}]},"11":{"loc":{"start":{"line":497,"column":36},"end":{"line":497,"column":55}},"type":"cond-expr","locations":[{"start":{"line":497,"column":46},"end":{"line":497,"column":49}},{"start":{"line":497,"column":52},"end":{"line":497,"column":55}}]},"12":{"loc":{"start":{"line":512,"column":36},"end":{"line":512,"column":55}},"type":"cond-expr","locations":[{"start":{"line":512,"column":46},"end":{"line":512,"column":49}},{"start":{"line":512,"column":52},"end":{"line":512,"column":55}}]},"13":{"loc":{"start":{"line":604,"column":42},"end":{"line":604,"column":73}},"type":"cond-expr","locations":[{"start":{"line":604,"column":60},"end":{"line":604,"column":68}},{"start":{"line":604,"column":71},"end":{"line":604,"column":73}}]},"14":{"loc":{"start":{"line":650,"column":38},"end":{"line":650,"column":95}},"type":"cond-expr","locations":[{"start":{"line":650,"column":57},"end":{"line":650,"column":79}},{"start":{"line":650,"column":82},"end":{"line":650,"column":95}}]},"15":{"loc":{"start":{"line":688,"column":37},"end":{"line":688,"column":63}},"type":"cond-expr","locations":[{"start":{"line":688,"column":52},"end":{"line":688,"column":56}},{"start":{"line":688,"column":59},"end":{"line":688,"column":63}}]},"16":{"loc":{"start":{"line":690,"column":27},"end":{"line":690,"column":50}},"type":"cond-expr","locations":[{"start":{"line":690,"column":42},"end":{"line":690,"column":45}},{"start":{"line":690,"column":48},"end":{"line":690,"column":50}}]},"17":{"loc":{"start":{"line":723,"column":21},"end":{"line":737,"column":null}},"type":"binary-expr","locations":[{"start":{"line":723,"column":21},"end":{"line":723,"column":43}},{"start":{"line":724,"column":22},"end":{"line":736,"column":null}}]},"18":{"loc":{"start":{"line":767,"column":36},"end":{"line":767,"column":75}},"type":"cond-expr","locations":[{"start":{"line":767,"column":46},"end":{"line":767,"column":59}},{"start":{"line":767,"column":62},"end":{"line":767,"column":75}}]},"19":{"loc":{"start":{"line":768,"column":31},"end":{"line":768,"column":71}},"type":"cond-expr","locations":[{"start":{"line":768,"column":41},"end":{"line":768,"column":47}},{"start":{"line":768,"column":50},"end":{"line":768,"column":71}}]},"20":{"loc":{"start":{"line":771,"column":26},"end":{"line":771,"column":73}},"type":"cond-expr","locations":[{"start":{"line":771,"column":36},"end":{"line":771,"column":49}},{"start":{"line":771,"column":52},"end":{"line":771,"column":73}}]},"21":{"loc":{"start":{"line":948,"column":24},"end":{"line":950,"column":51}},"type":"cond-expr","locations":[{"start":{"line":949,"column":28},"end":{"line":949,"column":50}},{"start":{"line":950,"column":28},"end":{"line":950,"column":51}}]},"22":{"loc":{"start":{"line":951,"column":47},"end":{"line":951,"column":98}},"type":"cond-expr","locations":[{"start":{"line":951,"column":73},"end":{"line":951,"column":86}},{"start":{"line":951,"column":89},"end":{"line":951,"column":98}}]},"23":{"loc":{"start":{"line":958,"column":26},"end":{"line":958,"column":77}},"type":"cond-expr","locations":[{"start":{"line":958,"column":52},"end":{"line":958,"column":65}},{"start":{"line":958,"column":68},"end":{"line":958,"column":77}}]}},"s":{"0":1,"1":1,"2":1,"3":1,"4":1,"5":5,"6":5,"7":5,"8":5,"9":5,"10":17,"11":25,"12":55,"13":55,"14":55,"15":55,"16":55,"17":55,"18":80,"19":15,"20":1,"21":30,"22":16,"23":0,"24":0,"25":15,"26":15,"27":15},"f":{"0":5,"1":17,"2":25,"3":55,"4":55,"5":80,"6":15,"7":1,"8":30,"9":16,"10":0,"11":0,"12":15,"13":15,"14":15},"b":{"0":[4],"1":[3],"2":[3],"3":[3],"4":[4],"5":[4],"6":[13,4],"7":[13,4],"8":[5,20],"9":[5,20],"10":[5,20],"11":[5,50],"12":[5,50],"13":[5,10],"14":[0,16],"15":[9,7],"16":[9,7],"17":[5,1],"18":[5,10],"19":[5,10],"20":[5,10],"21":[5,10],"22":[5,10],"23":[5,10]}}
}
