TN:
SF:components/PrecisionFintech.tsx
FN:127,PrecisionFintech
FN:378,(anonymous_1)
FN:439,(anonymous_2)
FN:492,(anonymous_3)
FN:507,(anonymous_4)
FN:579,(anonymous_5)
FN:601,(anonymous_6)
FN:605,(anonymous_7)
FN:623,(anonymous_8)
FN:641,(anonymous_9)
FN:645,(anonymous_10)
FN:646,(anonymous_11)
FN:759,(anonymous_12)
FN:879,(anonymous_13)
FN:941,(anonymous_14)
FNF:15
FNH:13
FNDA:5,PrecisionFintech
FNDA:17,(anonymous_1)
FNDA:25,(anonymous_2)
FNDA:55,(anonymous_3)
FNDA:55,(anonymous_4)
FNDA:80,(anonymous_5)
FNDA:15,(anonymous_6)
FNDA:1,(anonymous_7)
FNDA:30,(anonymous_8)
FNDA:16,(anonymous_9)
FNDA:0,(anonymous_10)
FNDA:0,(anonymous_11)
FNDA:15,(anonymous_12)
FNDA:15,(anonymous_13)
FNDA:15,(anonymous_14)
DA:1,1
DA:73,1
DA:80,1
DA:123,1
DA:127,1
DA:135,5
DA:136,5
DA:138,5
DA:139,5
DA:141,5
DA:379,17
DA:440,25
DA:493,55
DA:495,55
DA:497,55
DA:508,55
DA:510,55
DA:512,55
DA:580,80
DA:602,15
DA:605,1
DA:624,30
DA:642,16
DA:645,0
DA:646,0
DA:760,15
DA:880,15
DA:942,15
LF:28
LH:26
BRDA:128,0,0,4
BRDA:129,1,0,3
BRDA:130,2,0,3
BRDA:131,3,0,3
BRDA:132,4,0,4
BRDA:133,5,0,4
BRDA:401,6,0,13
BRDA:401,6,1,4
BRDA:402,7,0,13
BRDA:402,7,1,4
BRDA:447,8,0,5
BRDA:447,8,1,20
BRDA:448,9,0,5
BRDA:448,9,1,20
BRDA:450,10,0,5
BRDA:450,10,1,20
BRDA:497,11,0,5
BRDA:497,11,1,50
BRDA:512,12,0,5
BRDA:512,12,1,50
BRDA:604,13,0,5
BRDA:604,13,1,10
BRDA:650,14,0,0
BRDA:650,14,1,16
BRDA:688,15,0,9
BRDA:688,15,1,7
BRDA:690,16,0,9
BRDA:690,16,1,7
BRDA:723,17,0,5
BRDA:723,17,1,1
BRDA:767,18,0,5
BRDA:767,18,1,10
BRDA:768,19,0,5
BRDA:768,19,1,10
BRDA:771,20,0,5
BRDA:771,20,1,10
BRDA:948,21,0,5
BRDA:948,21,1,10
BRDA:951,22,0,5
BRDA:951,22,1,10
BRDA:958,23,0,5
BRDA:958,23,1,10
BRF:42
BRH:41
end_of_record
